C000  4C F5 C5  JMP $C5F5                       A:00 X:00 Y:00 P:24 SP:FD
C5F5  A2 00     LDX #$00                        A:00 X:00 Y:00 P:24 SP:FD
C5F7  86 00     STX $00 = 00                    A:00 X:00 Y:00 P:26 SP:FD
C5F9  86 10     STX $10 = 00                    A:00 X:00 Y:00 P:26 SP:FD
C5FB  86 11     STX $11 = 00                    A:00 X:00 Y:00 P:26 SP:FD
C5FD  20 2D C7  JSR $C72D                       A:00 X:00 Y:00 P:26 SP:FD
C72D  EA        NOP                             A:00 X:00 Y:00 P:26 SP:FB
C72E  38        SEC                             A:00 X:00 Y:00 P:26 SP:FB
C72F  B0 04     BCS $C735                       A:00 X:00 Y:00 P:27 SP:FB
C735  EA        NOP                             A:00 X:00 Y:00 P:27 SP:FB
C736  18        CLC                             A:00 X:00 Y:00 P:27 SP:FB
C737  B0 03     BCS $C73C                       A:00 X:00 Y:00 P:26 SP:FB
C739  4C 40 C7  JMP $C740                       A:00 X:00 Y:00 P:26 SP:FB
C740  EA        NOP                             A:00 X:00 Y:00 P:26 SP:FB
C741  38        SEC                             A:00 X:00 Y:00 P:26 SP:FB
C742  90 03     BCC $C747                       A:00 X:00 Y:00 P:27 SP:FB
C744  4C 4B C7  JMP $C74B                       A:00 X:00 Y:00 P:27 SP:FB
C74B  EA        NOP                             A:00 X:00 Y:00 P:27 SP:FB
C74C  18        CLC                             A:00 X:00 Y:00 P:27 SP:FB
C74D  90 04     BCC $C753                       A:00 X:00 Y:00 P:26 SP:FB
C753  EA        NOP                             A:00 X:00 Y:00 P:26 SP:FB
C754  A9 00     LDA #$00                        A:00 X:00 Y:00 P:26 SP:FB
C756  F0 04     BEQ $C75C                       A:00 X:00 Y:00 P:26 SP:FB
C75C  EA        NOP                             A:00 X:00 Y:00 P:26 SP:FB
C75D  A9 40     LDA #$40                        A:00 X:00 Y:00 P:26 SP:FB
C75F  F0 03     BEQ $C764                       A:40 X:00 Y:00 P:24 SP:FB
C761  4C 68 C7  JMP $C768                       A:40 X:00 Y:00 P:24 SP:FB
C768  EA        NOP                             A:40 X:00 Y:00 P:24 SP:FB
C769  A9 40     LDA #$40                        A:40 X:00 Y:00 P:24 SP:FB
C76B  D0 04     BNE $C771                       A:40 X:00 Y:00 P:24 SP:FB
C771  EA        NOP                             A:40 X:00 Y:00 P:24 SP:FB
C772  A9 00     LDA #$00                        A:40 X:00 Y:00 P:24 SP:FB
C774  D0 03     BNE $C779                       A:00 X:00 Y:00 P:26 SP:FB
C776  4C 7D C7  JMP $C77D                       A:00 X:00 Y:00 P:26 SP:FB
C77D  EA        NOP                             A:00 X:00 Y:00 P:26 SP:FB
C77E  A9 FF     LDA #$FF                        A:00 X:00 Y:00 P:26 SP:FB
C780  85 01     STA $01 = 00                    A:FF X:00 Y:00 P:A4 SP:FB
C782  24 01     BIT $01 = FF                    A:FF X:00 Y:00 P:A4 SP:FB
C784  70 04     BVS $C78A                       A:FF X:00 Y:00 P:E4 SP:FB
C78A  EA        NOP                             A:FF X:00 Y:00 P:E4 SP:FB
C78B  24 01     BIT $01 = FF                    A:FF X:00 Y:00 P:E4 SP:FB
C78D  50 03     BVC $C792                       A:FF X:00 Y:00 P:E4 SP:FB
C78F  4C 96 C7  JMP $C796                       A:FF X:00 Y:00 P:E4 SP:FB
C796  EA        NOP                             A:FF X:00 Y:00 P:E4 SP:FB
C797  A9 00     LDA #$00                        A:FF X:00 Y:00 P:E4 SP:FB
C799  85 01     STA $01 = FF                    A:00 X:00 Y:00 P:66 SP:FB
C79B  24 01     BIT $01 = 00                    A:00 X:00 Y:00 P:66 SP:FB
C79D  50 04     BVC $C7A3                       A:00 X:00 Y:00 P:26 SP:FB
C7A3  EA        NOP                             A:00 X:00 Y:00 P:26 SP:FB
C7A4  24 01     BIT $01 = 00                    A:00 X:00 Y:00 P:26 SP:FB
C7A6  70 03     BVS $C7AB                       A:00 X:00 Y:00 P:26 SP:FB
C7A8  4C AF C7  JMP $C7AF                       A:00 X:00 Y:00 P:26 SP:FB
C7AF  EA        NOP                             A:00 X:00 Y:00 P:26 SP:FB
C7B0  A9 00     LDA #$00                        A:00 X:00 Y:00 P:26 SP:FB
C7B2  10 04     BPL $C7B8                       A:00 X:00 Y:00 P:26 SP:FB
C7B8  EA        NOP                             A:00 X:00 Y:00 P:26 SP:FB
C7B9  A9 80     LDA #$80                        A:00 X:00 Y:00 P:26 SP:FB
C7BB  10 03     BPL $C7C0                       A:80 X:00 Y:00 P:A4 SP:FB
C7BD  4C D9 C7  JMP $C7D9                       A:80 X:00 Y:00 P:A4 SP:FB
C7D9  EA        NOP                             A:80 X:00 Y:00 P:A4 SP:FB
C7DA  60        RTS                             A:80 X:00 Y:00 P:A4 SP:FB
C600  20 DB C7  JSR $C7DB                       A:80 X:00 Y:00 P:A4 SP:FD
C7DB  EA        NOP                             A:80 X:00 Y:00 P:A4 SP:FB
C7DC  A9 FF     LDA #$FF                        A:80 X:00 Y:00 P:A4 SP:FB
C7DE  85 01     STA $01 = 00                    A:FF X:00 Y:00 P:A4 SP:FB
C7E0  24 01     BIT $01 = FF                    A:FF X:00 Y:00 P:A4 SP:FB
C7E2  A9 00     LDA #$00                        A:FF X:00 Y:00 P:E4 SP:FB
C7E4  38        SEC                             A:00 X:00 Y:00 P:66 SP:FB
C7E5  78        SEI                             A:00 X:00 Y:00 P:67 SP:FB
C7E6  F8        SED                             A:00 X:00 Y:00 P:67 SP:FB
C7E7  08        PHP                             A:00 X:00 Y:00 P:6F SP:FB
C7E8  68        PLA                             A:00 X:00 Y:00 P:6F SP:FA
C7E9  29 EF     AND #$EF                        A:7F X:00 Y:00 P:6D SP:FB
C7EB  C9 6F     CMP #$6F                        A:6F X:00 Y:00 P:6D SP:FB
C7ED  F0 04     BEQ $C7F3                       A:6F X:00 Y:00 P:6F SP:FB
C7F3  EA        NOP                             A:6F X:00 Y:00 P:6F SP:FB
C7F4  A9 40     LDA #$40                        A:6F X:00 Y:00 P:6F SP:FB
C7F6  85 01     STA $01 = FF                    A:40 X:00 Y:00 P:6D SP:FB
C7F8  24 01     BIT $01 = 40                    A:40 X:00 Y:00 P:6D SP:FB
C7FA  D8        CLD                             A:40 X:00 Y:00 P:6D SP:FB
C7FB  A9 10     LDA #$10                        A:40 X:00 Y:00 P:65 SP:FB
C7FD  18        CLC                             A:10 X:00 Y:00 P:65 SP:FB
C7FE  08        PHP                             A:10 X:00 Y:00 P:64 SP:FB
C7FF  68        PLA                             A:10 X:00 Y:00 P:64 SP:FA
C800  29 EF     AND #$EF                        A:74 X:00 Y:00 P:64 SP:FB
C802  C9 64     CMP #$64                        A:64 X:00 Y:00 P:64 SP:FB
C804  F0 04     BEQ $C80A                       A:64 X:00 Y:00 P:67 SP:FB
C80A  EA        NOP                             A:64 X:00 Y:00 P:67 SP:FB
C80B  A9 80     LDA #$80                        A:64 X:00 Y:00 P:67 SP:FB
C80D  85 01     STA $01 = 40                    A:80 X:00 Y:00 P:E5 SP:FB
C80F  24 01     BIT $01 = 80                    A:80 X:00 Y:00 P:E5 SP:FB
C811  F8        SED                             A:80 X:00 Y:00 P:A5 SP:FB
C812  A9 00     LDA #$00                        A:80 X:00 Y:00 P:AD SP:FB
C814  38        SEC                             A:00 X:00 Y:00 P:2F SP:FB
C815  08        PHP                             A:00 X:00 Y:00 P:2F SP:FB
C816  68        PLA                             A:00 X:00 Y:00 P:2F SP:FA
C817  29 EF     AND #$EF                        A:3F X:00 Y:00 P:2D SP:FB
C819  C9 2F     CMP #$2F                        A:2F X:00 Y:00 P:2D SP:FB
C81B  F0 04     BEQ $C821                       A:2F X:00 Y:00 P:2F SP:FB
C821  EA        NOP                             A:2F X:00 Y:00 P:2F SP:FB
C822  A9 FF     LDA #$FF                        A:2F X:00 Y:00 P:2F SP:FB
C824  48        PHA                             A:FF X:00 Y:00 P:AD SP:FB
C825  28        PLP                             A:FF X:00 Y:00 P:AD SP:FA
C826  D0 09     BNE $C831                       A:FF X:00 Y:00 P:EF SP:FB
C828  10 07     BPL $C831                       A:FF X:00 Y:00 P:EF SP:FB
C82A  50 05     BVC $C831                       A:FF X:00 Y:00 P:EF SP:FB
C82C  90 03     BCC $C831                       A:FF X:00 Y:00 P:EF SP:FB
C82E  4C 35 C8  JMP $C835                       A:FF X:00 Y:00 P:EF SP:FB
C835  EA        NOP                             A:FF X:00 Y:00 P:EF SP:FB
C836  A9 04     LDA #$04                        A:FF X:00 Y:00 P:EF SP:FB
C838  48        PHA                             A:04 X:00 Y:00 P:6D SP:FB
C839  28        PLP                             A:04 X:00 Y:00 P:6D SP:FA
C83A  F0 09     BEQ $C845                       A:04 X:00 Y:00 P:04 SP:FB
C83C  30 07     BMI $C845                       A:04 X:00 Y:00 P:04 SP:FB
C845  A2 15     LDX #$15                        A:04 X:00 Y:00 P:04 SP:FB
C847  86 00     STX $00 = 00                    A:04 X:15 Y:00 P:04 SP:FB
C849  EA        NOP                             A:04 X:15 Y:00 P:04 SP:FB
C84A  F8        SED                             A:04 X:15 Y:00 P:04 SP:FB
C84B  A9 FF     LDA #$FF                        A:04 X:15 Y:00 P:0C SP:FB
C84D  85 01     STA $01 = 80                    A:FF X:15 Y:00 P:8C SP:FB
C84F  24 01     BIT $01 = FF                    A:FF X:15 Y:00 P:8C SP:FB
C851  18        CLC                             A:FF X:15 Y:00 P:CC SP:FB
C852  A9 00     LDA #$00                        A:FF X:15 Y:00 P:CC SP:FB
C854  48        PHA                             A:00 X:15 Y:00 P:4E SP:FB
C855  A9 FF     LDA #$FF                        A:00 X:15 Y:00 P:4E SP:FA
C857  68        PLA                             A:FF X:15 Y:00 P:CC SP:FA
C858  D0 09     BNE $C863                       A:00 X:15 Y:00 P:4E SP:FB
C85A  30 07     BMI $C863                       A:00 X:15 Y:00 P:4E SP:FB
C863  A2 16     LDX #$16                        A:00 X:15 Y:00 P:4E SP:FB
C865  86 00     STX $00 = 15                    A:00 X:16 Y:00 P:4C SP:FB
C867  EA        NOP                             A:00 X:16 Y:00 P:4C SP:FB
C868  A9 00     LDA #$00                        A:00 X:16 Y:00 P:4C SP:FB
C86A  85 01     STA $01 = FF                    A:00 X:16 Y:00 P:4E SP:FB
C86C  24 01     BIT $01 = 00                    A:00 X:16 Y:00 P:4E SP:FB
C86E  38        SEC                             A:00 X:16 Y:00 P:0E SP:FB
C86F  A9 FF     LDA #$FF                        A:00 X:16 Y:00 P:0F SP:FB
C871  48        PHA                             A:FF X:16 Y:00 P:8D SP:FB
C872  A9 00     LDA #$00                        A:FF X:16 Y:00 P:8D SP:FA
C874  68        PLA                             A:00 X:16 Y:00 P:0F SP:FA
C875  F0 09     BEQ $C880                       A:FF X:16 Y:00 P:8D SP:FB
C877  10 07     BPL $C880                       A:FF X:16 Y:00 P:8D SP:FB
C879  70 05     BVS $C880                       A:FF X:16 Y:00 P:8D SP:FB
C87B  90 03     BCC $C880                       A:FF X:16 Y:00 P:8D SP:FB
C87D  4C 84 C8  JMP $C884                       A:FF X:16 Y:00 P:8D SP:FB
C884  60        RTS                             A:FF X:16 Y:00 P:8D SP:FB
C603  20 85 C8  JSR $C885                       A:FF X:16 Y:00 P:8D SP:FD
C885  EA        NOP                             A:FF X:16 Y:00 P:8D SP:FB
C886  18        CLC                             A:FF X:16 Y:00 P:8D SP:FB
C887  A9 FF     LDA #$FF                        A:FF X:16 Y:00 P:8C SP:FB
C889  85 01     STA $01 = 00                    A:FF X:16 Y:00 P:8C SP:FB
C88B  24 01     BIT $01 = FF                    A:FF X:16 Y:00 P:8C SP:FB
C88D  A9 55     LDA #$55                        A:FF X:16 Y:00 P:CC SP:FB
C88F  09 AA     ORA #$AA                        A:55 X:16 Y:00 P:4C SP:FB
C891  B0 0B     BCS $C89E                       A:FF X:16 Y:00 P:CC SP:FB
C893  10 09     BPL $C89E                       A:FF X:16 Y:00 P:CC SP:FB
C895  C9 FF     CMP #$FF                        A:FF X:16 Y:00 P:CC SP:FB
C897  D0 05     BNE $C89E                       A:FF X:16 Y:00 P:4F SP:FB
C899  50 03     BVC $C89E                       A:FF X:16 Y:00 P:4F SP:FB
C89B  4C A2 C8  JMP $C8A2                       A:FF X:16 Y:00 P:4F SP:FB
C8A2  EA        NOP                             A:FF X:16 Y:00 P:4F SP:FB
C8A3  38        SEC                             A:FF X:16 Y:00 P:4F SP:FB
C8A4  B8        CLV                             A:FF X:16 Y:00 P:4F SP:FB
C8A5  A9 00     LDA #$00                        A:FF X:16 Y:00 P:0F SP:FB
C8A7  09 00     ORA #$00                        A:00 X:16 Y:00 P:0F SP:FB
C8A9  D0 09     BNE $C8B4                       A:00 X:16 Y:00 P:0F SP:FB
C8AB  70 07     BVS $C8B4                       A:00 X:16 Y:00 P:0F SP:FB
C8AD  90 05     BCC $C8B4                       A:00 X:16 Y:00 P:0F SP:FB
C8AF  30 03     BMI $C8B4                       A:00 X:16 Y:00 P:0F SP:FB
C8B4  A2 19     LDX #$19                        A:00 X:16 Y:00 P:0F SP:FB
C8B6  86 00     STX $00 = 16                    A:00 X:19 Y:00 P:0D SP:FB
C8B8  EA        NOP                             A:00 X:19 Y:00 P:0D SP:FB
C8B9  18        CLC                             A:00 X:19 Y:00 P:0D SP:FB
C8BA  24 01     BIT $01 = FF                    A:00 X:19 Y:00 P:0C SP:FB
C8BC  A9 55     LDA #$55                        A:00 X:19 Y:00 P:CE SP:FB
C8BE  29 AA     AND #$AA                        A:55 X:19 Y:00 P:4C SP:FB
C8C0  D0 09     BNE $C8CB                       A:00 X:19 Y:00 P:4E SP:FB
C8C2  50 07     BVC $C8CB                       A:00 X:19 Y:00 P:4E SP:FB
C8C4  B0 05     BCS $C8CB                       A:00 X:19 Y:00 P:4E SP:FB
C8C6  30 03     BMI $C8CB                       A:00 X:19 Y:00 P:4E SP:FB
C8CB  A2 1A     LDX #$1A                        A:00 X:19 Y:00 P:4E SP:FB
C8CD  86 00     STX $00 = 19                    A:00 X:1A Y:00 P:4C SP:FB
C8CF  EA        NOP                             A:00 X:1A Y:00 P:4C SP:FB
C8D0  38        SEC                             A:00 X:1A Y:00 P:4C SP:FB
C8D1  B8        CLV                             A:00 X:1A Y:00 P:4D SP:FB
C8D2  A9 F8     LDA #$F8                        A:00 X:1A Y:00 P:0D SP:FB
C8D4  29 EF     AND #$EF                        A:F8 X:1A Y:00 P:8D SP:FB
C8D6  90 0B     BCC $C8E3                       A:E8 X:1A Y:00 P:8D SP:FB
C8D8  10 09     BPL $C8E3                       A:E8 X:1A Y:00 P:8D SP:FB
C8DA  C9 E8     CMP #$E8                        A:E8 X:1A Y:00 P:8D SP:FB
C8DC  D0 05     BNE $C8E3                       A:E8 X:1A Y:00 P:0F SP:FB
C8DE  70 03     BVS $C8E3                       A:E8 X:1A Y:00 P:0F SP:FB
C8E0  4C E7 C8  JMP $C8E7                       A:E8 X:1A Y:00 P:0F SP:FB
C8E7  EA        NOP                             A:E8 X:1A Y:00 P:0F SP:FB
C8E8  18        CLC                             A:E8 X:1A Y:00 P:0F SP:FB
C8E9  24 01     BIT $01 = FF                    A:E8 X:1A Y:00 P:0E SP:FB
C8EB  A9 5F     LDA #$5F                        A:E8 X:1A Y:00 P:CC SP:FB
C8ED  49 AA     EOR #$AA                        A:5F X:1A Y:00 P:4C SP:FB
C8EF  B0 0B     BCS $C8FC                       A:F5 X:1A Y:00 P:CC SP:FB
C8F1  10 09     BPL $C8FC                       A:F5 X:1A Y:00 P:CC SP:FB
C8F3  C9 F5     CMP #$F5                        A:F5 X:1A Y:00 P:CC SP:FB
C8F5  D0 05     BNE $C8FC                       A:F5 X:1A Y:00 P:4F SP:FB
C8F7  50 03     BVC $C8FC                       A:F5 X:1A Y:00 P:4F SP:FB
C8F9  4C 00 C9  JMP $C900                       A:F5 X:1A Y:00 P:4F SP:FB
C900  EA        NOP                             A:F5 X:1A Y:00 P:4F SP:FB
C901  38        SEC                             A:F5 X:1A Y:00 P:4F SP:FB
C902  B8        CLV                             A:F5 X:1A Y:00 P:4F SP:FB
C903  A9 70     LDA #$70                        A:F5 X:1A Y:00 P:0F SP:FB
C905  49 70     EOR #$70                        A:70 X:1A Y:00 P:0D SP:FB
C907  D0 09     BNE $C912                       A:00 X:1A Y:00 P:0F SP:FB
C909  70 07     BVS $C912                       A:00 X:1A Y:00 P:0F SP:FB
C90B  90 05     BCC $C912                       A:00 X:1A Y:00 P:0F SP:FB
C90D  30 03     BMI $C912                       A:00 X:1A Y:00 P:0F SP:FB
C912  A2 1D     LDX #$1D                        A:00 X:1A Y:00 P:0F SP:FB
C914  86 00     STX $00 = 1A                    A:00 X:1D Y:00 P:0D SP:FB
C916  EA        NOP                             A:00 X:1D Y:00 P:0D SP:FB
C917  18        CLC                             A:00 X:1D Y:00 P:0D SP:FB
C918  24 01     BIT $01 = FF                    A:00 X:1D Y:00 P:0C SP:FB
C91A  A9 00     LDA #$00                        A:00 X:1D Y:00 P:CE SP:FB
C91C  69 69     ADC #$69                        A:00 X:1D Y:00 P:4E SP:FB
C91E  30 0B     BMI $C92B                       A:69 X:1D Y:00 P:0C SP:FB
C92B  A2 1E     LDX #$1E                        A:69 X:1D Y:00 P:0C SP:FB
C92D  86 00     STX $00 = 1D                    A:69 X:1E Y:00 P:0C SP:FB
C92F  EA        NOP                             A:69 X:1E Y:00 P:0C SP:FB
C930  38        SEC                             A:69 X:1E Y:00 P:0C SP:FB
C931  F8        SED                             A:69 X:1E Y:00 P:0D SP:FB
C932  24 01     BIT $01 = FF                    A:69 X:1E Y:00 P:0D SP:FB
C934  A9 01     LDA #$01                        A:69 X:1E Y:00 P:CD SP:FB
C936  69 69     ADC #$69                        A:01 X:1E Y:00 P:4D SP:FB
C938  30 0B     BMI $C945                       A:6B X:1E Y:00 P:0C SP:FB
C945  A2 1F     LDX #$1F                        A:6B X:1E Y:00 P:0C SP:FB
C947  86 00     STX $00 = 1E                    A:6B X:1F Y:00 P:0C SP:FB
C949  EA        NOP                             A:6B X:1F Y:00 P:0C SP:FB
C94A  D8        CLD                             A:6B X:1F Y:00 P:0C SP:FB
C94B  38        SEC                             A:6B X:1F Y:00 P:04 SP:FB
C94C  B8        CLV                             A:6B X:1F Y:00 P:05 SP:FB
C94D  A9 7F     LDA #$7F                        A:6B X:1F Y:00 P:05 SP:FB
C94F  69 7F     ADC #$7F                        A:7F X:1F Y:00 P:05 SP:FB
C951  10 0B     BPL $C95E                       A:FF X:1F Y:00 P:C4 SP:FB
C953  B0 09     BCS $C95E                       A:FF X:1F Y:00 P:C4 SP:FB
C955  C9 FF     CMP #$FF                        A:FF X:1F Y:00 P:C4 SP:FB
C957  D0 05     BNE $C95E                       A:FF X:1F Y:00 P:47 SP:FB
C959  50 03     BVC $C95E                       A:FF X:1F Y:00 P:47 SP:FB
C95B  4C 62 C9  JMP $C962                       A:FF X:1F Y:00 P:47 SP:FB
C962  EA        NOP                             A:FF X:1F Y:00 P:47 SP:FB
C963  18        CLC                             A:FF X:1F Y:00 P:47 SP:FB
C964  24 01     BIT $01 = FF                    A:FF X:1F Y:00 P:46 SP:FB
C966  A9 7F     LDA #$7F                        A:FF X:1F Y:00 P:C4 SP:FB
C968  69 80     ADC #$80                        A:7F X:1F Y:00 P:44 SP:FB
C96A  10 0B     BPL $C977                       A:FF X:1F Y:00 P:84 SP:FB
C96C  B0 09     BCS $C977                       A:FF X:1F Y:00 P:84 SP:FB
C96E  C9 FF     CMP #$FF                        A:FF X:1F Y:00 P:84 SP:FB
C970  D0 05     BNE $C977                       A:FF X:1F Y:00 P:07 SP:FB
C972  70 03     BVS $C977                       A:FF X:1F Y:00 P:07 SP:FB
C974  4C 7B C9  JMP $C97B                       A:FF X:1F Y:00 P:07 SP:FB
C97B  EA        NOP                             A:FF X:1F Y:00 P:07 SP:FB
C97C  38        SEC                             A:FF X:1F Y:00 P:07 SP:FB
C97D  B8        CLV                             A:FF X:1F Y:00 P:07 SP:FB
C97E  A9 7F     LDA #$7F                        A:FF X:1F Y:00 P:07 SP:FB
C980  69 80     ADC #$80                        A:7F X:1F Y:00 P:05 SP:FB
C982  D0 09     BNE $C98D                       A:00 X:1F Y:00 P:07 SP:FB
C984  30 07     BMI $C98D                       A:00 X:1F Y:00 P:07 SP:FB
C98D  A2 22     LDX #$22                        A:00 X:1F Y:00 P:07 SP:FB
C98F  86 00     STX $00 = 1F                    A:00 X:22 Y:00 P:05 SP:FB
C991  EA        NOP                             A:00 X:22 Y:00 P:05 SP:FB
C992  38        SEC                             A:00 X:22 Y:00 P:05 SP:FB
C993  B8        CLV                             A:00 X:22 Y:00 P:05 SP:FB
C994  A9 9F     LDA #$9F                        A:00 X:22 Y:00 P:05 SP:FB
C996  F0 09     BEQ $C9A1                       A:9F X:22 Y:00 P:85 SP:FB
C998  10 07     BPL $C9A1                       A:9F X:22 Y:00 P:85 SP:FB
C99A  70 05     BVS $C9A1                       A:9F X:22 Y:00 P:85 SP:FB
C99C  90 03     BCC $C9A1                       A:9F X:22 Y:00 P:85 SP:FB
C99E  4C A5 C9  JMP $C9A5                       A:9F X:22 Y:00 P:85 SP:FB
C9A5  EA        NOP                             A:9F X:22 Y:00 P:85 SP:FB
C9A6  18        CLC                             A:9F X:22 Y:00 P:85 SP:FB
C9A7  24 01     BIT $01 = FF                    A:9F X:22 Y:00 P:84 SP:FB
C9A9  A9 00     LDA #$00                        A:9F X:22 Y:00 P:C4 SP:FB
C9AB  D0 09     BNE $C9B6                       A:00 X:22 Y:00 P:46 SP:FB
C9AD  30 07     BMI $C9B6                       A:00 X:22 Y:00 P:46 SP:FB
C9B6  A2 23     LDX #$23                        A:00 X:22 Y:00 P:46 SP:FB
C9B8  86 00     STX $00 = 22                    A:00 X:23 Y:00 P:44 SP:FB
C9BA  EA        NOP                             A:00 X:23 Y:00 P:44 SP:FB
C9BB  24 01     BIT $01 = FF                    A:00 X:23 Y:00 P:44 SP:FB
C9BD  A9 40     LDA #$40                        A:00 X:23 Y:00 P:C6 SP:FB
C9BF  C9 40     CMP #$40                        A:40 X:23 Y:00 P:44 SP:FB
C9C1  30 09     BMI $C9CC                       A:40 X:23 Y:00 P:47 SP:FB
C9CC  A2 24     LDX #$24                        A:40 X:23 Y:00 P:47 SP:FB
C9CE  86 00     STX $00 = 23                    A:40 X:24 Y:00 P:45 SP:FB
C9D0  EA        NOP                             A:40 X:24 Y:00 P:45 SP:FB
C9D1  B8        CLV                             A:40 X:24 Y:00 P:45 SP:FB
C9D2  C9 3F     CMP #$3F                        A:40 X:24 Y:00 P:05 SP:FB
C9D4  F0 09     BEQ $C9DF                       A:40 X:24 Y:00 P:05 SP:FB
C9D6  30 07     BMI $C9DF                       A:40 X:24 Y:00 P:05 SP:FB
C9DF  A2 25     LDX #$25                        A:40 X:24 Y:00 P:05 SP:FB
C9E1  86 00     STX $00 = 24                    A:40 X:25 Y:00 P:05 SP:FB
C9E3  EA        NOP                             A:40 X:25 Y:00 P:05 SP:FB
C9E4  C9 41     CMP #$41                        A:40 X:25 Y:00 P:05 SP:FB
C9E6  F0 07     BEQ $C9EF                       A:40 X:25 Y:00 P:84 SP:FB
C9E8  10 05     BPL $C9EF                       A:40 X:25 Y:00 P:84 SP:FB
C9EA  10 03     BPL $C9EF                       A:40 X:25 Y:00 P:84 SP:FB
C9EC  4C F3 C9  JMP $C9F3                       A:40 X:25 Y:00 P:84 SP:FB
C9F3  EA        NOP                             A:40 X:25 Y:00 P:84 SP:FB
C9F4  A9 80     LDA #$80                        A:40 X:25 Y:00 P:84 SP:FB
C9F6  C9 00     CMP #$00                        A:80 X:25 Y:00 P:84 SP:FB
C9F8  F0 07     BEQ $CA01                       A:80 X:25 Y:00 P:85 SP:FB
C9FA  10 05     BPL $CA01                       A:80 X:25 Y:00 P:85 SP:FB
C9FC  90 03     BCC $CA01                       A:80 X:25 Y:00 P:85 SP:FB
C9FE  4C 05 CA  JMP $CA05                       A:80 X:25 Y:00 P:85 SP:FB
CA05  EA        NOP                             A:80 X:25 Y:00 P:85 SP:FB
CA06  C9 80     CMP #$80                        A:80 X:25 Y:00 P:85 SP:FB
CA08  D0 07     BNE $CA11                       A:80 X:25 Y:00 P:07 SP:FB
CA0A  30 05     BMI $CA11                       A:80 X:25 Y:00 P:07 SP:FB
CA11  A2 28     LDX #$28                        A:80 X:25 Y:00 P:07 SP:FB
CA13  86 00     STX $00 = 25                    A:80 X:28 Y:00 P:05 SP:FB
CA15  EA        NOP                             A:80 X:28 Y:00 P:05 SP:FB
CA16  C9 81     CMP #$81                        A:80 X:28 Y:00 P:05 SP:FB
CA18  B0 07     BCS $CA21                       A:80 X:28 Y:00 P:84 SP:FB
CA1A  F0 05     BEQ $CA21                       A:80 X:28 Y:00 P:84 SP:FB
CA1C  10 03     BPL $CA21                       A:80 X:28 Y:00 P:84 SP:FB
CA1E  4C 25 CA  JMP $CA25                       A:80 X:28 Y:00 P:84 SP:FB
CA25  EA        NOP                             A:80 X:28 Y:00 P:84 SP:FB
CA26  C9 7F     CMP #$7F                        A:80 X:28 Y:00 P:84 SP:FB
CA28  90 07     BCC $CA31                       A:80 X:28 Y:00 P:05 SP:FB
CA2A  F0 05     BEQ $CA31                       A:80 X:28 Y:00 P:05 SP:FB
CA2C  30 03     BMI $CA31                       A:80 X:28 Y:00 P:05 SP:FB
CA31  A2 2A     LDX #$2A                        A:80 X:28 Y:00 P:05 SP:FB
CA33  86 00     STX $00 = 28                    A:80 X:2A Y:00 P:05 SP:FB
CA35  EA        NOP                             A:80 X:2A Y:00 P:05 SP:FB
CA36  24 01     BIT $01 = FF                    A:80 X:2A Y:00 P:05 SP:FB
CA38  A0 40     LDY #$40                        A:80 X:2A Y:00 P:C5 SP:FB
CA3A  C0 40     CPX #$40                        A:80 X:2A Y:40 P:45 SP:FB
CA3C  D0 09     BNE $CA47                       A:80 X:2A Y:40 P:C7 SP:FB
CA3E  30 07     BMI $CA47                       A:80 X:2A Y:40 P:C7 SP:FB
CA40  90 05     BCC $CA47                       A:80 X:2A Y:40 P:C7 SP:FB
CA42  50 03     BVC $CA47                       A:80 X:2A Y:40 P:C7 SP:FB
CA44  4C 4B CA  JMP $CA4B                       A:80 X:2A Y:40 P:C7 SP:FB
CA4B  EA        NOP                             A:80 X:2A Y:40 P:C7 SP:FB
CA4C  B8        CLV                             A:80 X:2A Y:40 P:C7 SP:FB
CA4D  C0 3F     CPX #$3F                        A:80 X:2A Y:40 P:87 SP:FB
CA4F  F0 09     BEQ $CA5A                       A:80 X:2A Y:40 P:85 SP:FB
CA51  30 07     BMI $CA5A                       A:80 X:2A Y:40 P:85 SP:FB
CA53  90 05     BCC $CA5A                       A:80 X:2A Y:40 P:85 SP:FB
CA55  70 03     BVS $CA5A                       A:80 X:2A Y:40 P:85 SP:FB
CA57  4C 5E CA  JMP $CA5E                       A:80 X:2A Y:40 P:85 SP:FB
CA5E  EA        NOP                             A:80 X:2A Y:40 P:85 SP:FB
CA5F  C0 41     CPX #$41                        A:80 X:2A Y:40 P:85 SP:FB
CA61  F0 07     BEQ $CA6A                       A:80 X:2A Y:40 P:84 SP:FB
CA63  10 05     BPL $CA6A                       A:80 X:2A Y:40 P:84 SP:FB
CA65  10 03     BPL $CA6A                       A:80 X:2A Y:40 P:84 SP:FB
CA67  4C 6E CA  JMP $CA6E                       A:80 X:2A Y:40 P:84 SP:FB
CA6E  EA        NOP                             A:80 X:2A Y:40 P:84 SP:FB
CA6F  A0 80     LDY #$80                        A:80 X:2A Y:40 P:84 SP:FB
CA71  C0 00     CPX #$00                        A:80 X:2A Y:80 P:84 SP:FB
CA73  F0 07     BEQ $CA7C                       A:80 X:2A Y:80 P:05 SP:FB
CA75  10 05     BPL $CA7C                       A:80 X:2A Y:80 P:05 SP:FB
CA7C  A2 2E     LDX #$2E                        A:80 X:2A Y:80 P:05 SP:FB
CA7E  86 00     STX $00 = 2A                    A:80 X:2E Y:80 P:05 SP:FB
CA80  EA        NOP                             A:80 X:2E Y:80 P:05 SP:FB
CA81  C0 80     CPX #$80                        A:80 X:2E Y:80 P:05 SP:FB
CA83  D0 07     BNE $CA8C                       A:80 X:2E Y:80 P:87 SP:FB
CA85  30 05     BMI $CA8C                       A:80 X:2E Y:80 P:87 SP:FB
CA87  90 03     BCC $CA8C                       A:80 X:2E Y:80 P:87 SP:FB
CA89  4C 90 CA  JMP $CA90                       A:80 X:2E Y:80 P:87 SP:FB
CA90  EA        NOP                             A:80 X:2E Y:80 P:87 SP:FB
CA91  C0 81     CPX #$81                        A:80 X:2E Y:80 P:87 SP:FB
CA93  B0 07     BCS $CA9C                       A:80 X:2E Y:80 P:84 SP:FB
CA95  F0 05     BEQ $CA9C                       A:80 X:2E Y:80 P:84 SP:FB
CA97  10 03     BPL $CA9C                       A:80 X:2E Y:80 P:84 SP:FB
CA99  4C A0 CA  JMP $CAA0                       A:80 X:2E Y:80 P:84 SP:FB
CAA0  EA        NOP                             A:80 X:2E Y:80 P:84 SP:FB
CAA1  C0 7F     CPX #$7F                        A:80 X:2E Y:80 P:84 SP:FB
CAA3  90 07     BCC $CAAC                       A:80 X:2E Y:80 P:85 SP:FB
CAA5  F0 05     BEQ $CAAC                       A:80 X:2E Y:80 P:85 SP:FB
CAA7  30 03     BMI $CAAC                       A:80 X:2E Y:80 P:85 SP:FB
CAA9  4C B0 CA  JMP $CAB0                       A:80 X:2E Y:80 P:85 SP:FB
CAB0  EA        NOP                             A:80 X:2E Y:80 P:85 SP:FB
CAB1  24 01     BIT $01 = FF                    A:80 X:2E Y:80 P:85 SP:FB
CAB3  A2 40     LDX #$40                        A:80 X:2E Y:80 P:C5 SP:FB
CAB5  E0 40     CPX #$40                        A:80 X:40 Y:80 P:45 SP:FB
CAB7  D0 09     BNE $CAC2                       A:80 X:40 Y:80 P:47 SP:FB
CAB9  30 07     BMI $CAC2                       A:80 X:40 Y:80 P:47 SP:FB
CAC2  A9 32     LDA #$32                        A:80 X:40 Y:80 P:47 SP:FB
CAC4  85 00     STA $00 = 2E                    A:32 X:40 Y:80 P:45 SP:FB
CAC6  EA        NOP                             A:32 X:40 Y:80 P:45 SP:FB
CAC7  B8        CLV                             A:32 X:40 Y:80 P:45 SP:FB
CAC8  E0 3F     CPX #$3F                        A:32 X:40 Y:80 P:05 SP:FB
CACA  F0 09     BEQ $CAD5                       A:32 X:40 Y:80 P:05 SP:FB
CACC  30 07     BMI $CAD5                       A:32 X:40 Y:80 P:05 SP:FB
CAD5  A9 33     LDA #$33                        A:32 X:40 Y:80 P:05 SP:FB
CAD7  85 00     STA $00 = 32                    A:33 X:40 Y:80 P:05 SP:FB
CAD9  EA        NOP                             A:33 X:40 Y:80 P:05 SP:FB
CADA  E0 41     CPX #$41                        A:33 X:40 Y:80 P:05 SP:FB
CADC  F0 07     BEQ $CAE5                       A:33 X:40 Y:80 P:84 SP:FB
CADE  10 05     BPL $CAE5                       A:33 X:40 Y:80 P:84 SP:FB
CAE0  10 03     BPL $CAE5                       A:33 X:40 Y:80 P:84 SP:FB
CAE2  4C E9 CA  JMP $CAE9                       A:33 X:40 Y:80 P:84 SP:FB
CAE9  EA        NOP                             A:33 X:40 Y:80 P:84 SP:FB
CAEA  A2 80     LDX #$80                        A:33 X:40 Y:80 P:84 SP:FB
CAEC  E0 00     CPX #$00                        A:33 X:80 Y:80 P:84 SP:FB
CAEE  F0 07     BEQ $CAF7                       A:33 X:80 Y:80 P:85 SP:FB
CAF0  10 05     BPL $CAF7                       A:33 X:80 Y:80 P:85 SP:FB
CAF2  90 03     BCC $CAF7                       A:33 X:80 Y:80 P:85 SP:FB
CAF4  4C FB CA  JMP $CAFB                       A:33 X:80 Y:80 P:85 SP:FB
CAFB  EA        NOP                             A:33 X:80 Y:80 P:85 SP:FB
CAFC  E0 80     CPX #$80                        A:33 X:80 Y:80 P:85 SP:FB
CAFE  D0 07     BNE $CB07                       A:33 X:80 Y:80 P:07 SP:FB
CB00  30 05     BMI $CB07                       A:33 X:80 Y:80 P:07 SP:FB
CB07  A9 36     LDA #$36                        A:33 X:80 Y:80 P:07 SP:FB
CB09  85 00     STA $00 = 33                    A:36 X:80 Y:80 P:05 SP:FB
CB0B  EA        NOP                             A:36 X:80 Y:80 P:05 SP:FB
CB0C  E0 81     CPX #$81                        A:36 X:80 Y:80 P:05 SP:FB
CB0E  B0 07     BCS $CB17                       A:36 X:80 Y:80 P:84 SP:FB
CB10  F0 05     BEQ $CB17                       A:36 X:80 Y:80 P:84 SP:FB
CB12  10 03     BPL $CB17                       A:36 X:80 Y:80 P:84 SP:FB
CB14  4C 1B CB  JMP $CB1B                       A:36 X:80 Y:80 P:84 SP:FB
CB1B  EA        NOP                             A:36 X:80 Y:80 P:84 SP:FB
CB1C  E0 7F     CPX #$7F                        A:36 X:80 Y:80 P:84 SP:FB
CB1E  90 07     BCC $CB27                       A:36 X:80 Y:80 P:05 SP:FB
CB20  F0 05     BEQ $CB27                       A:36 X:80 Y:80 P:05 SP:FB
CB22  30 03     BMI $CB27                       A:36 X:80 Y:80 P:05 SP:FB
CB27  A9 38     LDA #$38                        A:36 X:80 Y:80 P:05 SP:FB
CB29  85 00     STA $00 = 36                    A:38 X:80 Y:80 P:05 SP:FB
CB2B  EA        NOP                             A:38 X:80 Y:80 P:05 SP:FB
CB2C  38        SEC                             A:38 X:80 Y:80 P:05 SP:FB
CB2D  B8        CLV                             A:38 X:80 Y:80 P:05 SP:FB
CB2E  A2 9F     LDX #$9F                        A:38 X:80 Y:80 P:05 SP:FB
CB30  F0 09     BEQ $CB3B                       A:38 X:9F Y:80 P:85 SP:FB
CB32  10 07     BPL $CB3B                       A:38 X:9F Y:80 P:85 SP:FB
CB34  70 05     BVS $CB3B                       A:38 X:9F Y:80 P:85 SP:FB
CB36  90 03     BCC $CB3B                       A:38 X:9F Y:80 P:85 SP:FB
CB38  4C 3F CB  JMP $CB3F                       A:38 X:9F Y:80 P:85 SP:FB
CB3F  EA        NOP                             A:38 X:9F Y:80 P:85 SP:FB
CB40  18        CLC                             A:38 X:9F Y:80 P:85 SP:FB
CB41  24 01     BIT $01 = FF                    A:38 X:9F Y:80 P:84 SP:FB
CB43  A2 00     LDX #$00                        A:38 X:9F Y:80 P:C4 SP:FB
CB45  D0 09     BNE $CB50                       A:38 X:00 Y:80 P:46 SP:FB
CB47  30 07     BMI $CB50                       A:38 X:00 Y:80 P:46 SP:FB
CB50  A2 3A     LDX #$3A                        A:38 X:00 Y:80 P:46 SP:FB
CB52  86 00     STX $00 = 38                    A:38 X:3A Y:80 P:44 SP:FB
CB54  EA        NOP                             A:38 X:3A Y:80 P:44 SP:FB
CB55  38        SEC                             A:38 X:3A Y:80 P:44 SP:FB
CB56  B8        CLV                             A:38 X:3A Y:80 P:45 SP:FB
CB57  A0 9F     LDY #$9F                        A:38 X:3A Y:80 P:05 SP:FB
CB59  F0 09     BEQ $CB64                       A:38 X:3A Y:9F P:85 SP:FB
CB5B  10 07     BPL $CB64                       A:38 X:3A Y:9F P:85 SP:FB
CB5D  70 05     BVS $CB64                       A:38 X:3A Y:9F P:85 SP:FB
CB5F  90 03     BCC $CB64                       A:38 X:3A Y:9F P:85 SP:FB
CB61  4C 68 CB  JMP $CB68                       A:38 X:3A Y:9F P:85 SP:FB
CB68  EA        NOP                             A:38 X:3A Y:9F P:85 SP:FB
CB69  18        CLC                             A:38 X:3A Y:9F P:85 SP:FB
CB6A  24 01     BIT $01 = FF                    A:38 X:3A Y:9F P:84 SP:FB
CB6C  A0 00     LDY #$00                        A:38 X:3A Y:9F P:C4 SP:FB
CB6E  D0 09     BNE $CB79                       A:38 X:3A Y:00 P:46 SP:FB
CB70  30 07     BMI $CB79                       A:38 X:3A Y:00 P:46 SP:FB
CB79  A2 3C     LDX #$3C                        A:38 X:3A Y:00 P:46 SP:FB
CB7B  86 00     STX $00 = 3A                    A:38 X:3C Y:00 P:44 SP:FB
CB7D  EA        NOP                             A:38 X:3C Y:00 P:44 SP:FB
CB7E  A9 55     LDA #$55                        A:38 X:3C Y:00 P:44 SP:FB
CB80  A2 AA     LDX #$AA                        A:55 X:3C Y:00 P:44 SP:FB
CB82  A0 33     LDY #$33                        A:55 X:AA Y:00 P:C4 SP:FB
CB84  C9 55     CMP #$55                        A:55 X:AA Y:33 P:44 SP:FB
CB86  D0 23     BNE $CBAB                       A:55 X:AA Y:33 P:47 SP:FB
CB88  E0 AA     CPX #$AA                        A:55 X:AA Y:33 P:47 SP:FB
CB8A  D0 1F     BNE $CBAB                       A:55 X:AA Y:33 P:47 SP:FB
CB8C  C0 33     CPX #$33                        A:55 X:AA Y:33 P:47 SP:FB
CB8E  D0 1B     BNE $CBAB                       A:55 X:AA Y:33 P:47 SP:FB
CB90  C9 55     CMP #$55                        A:55 X:AA Y:33 P:47 SP:FB
CB92  D0 17     BNE $CBAB                       A:55 X:AA Y:33 P:47 SP:FB
CB94  E0 AA     CPX #$AA                        A:55 X:AA Y:33 P:47 SP:FB
CB96  D0 13     BNE $CBAB                       A:55 X:AA Y:33 P:47 SP:FB
CB98  C0 33     CPX #$33                        A:55 X:AA Y:33 P:47 SP:FB
CB9A  D0 0F     BNE $CBAB                       A:55 X:AA Y:33 P:47 SP:FB
CB9C  C9 56     CMP #$56                        A:55 X:AA Y:33 P:47 SP:FB
CB9E  F0 0B     BEQ $CBAB                       A:55 X:AA Y:33 P:C4 SP:FB
CBA0  E0 AB     CPX #$AB                        A:55 X:AA Y:33 P:C4 SP:FB
CBA2  F0 07     BEQ $CBAB                       A:55 X:AA Y:33 P:C4 SP:FB
CBA4  C0 34     CPX #$34                        A:55 X:AA Y:33 P:C4 SP:FB
CBA6  F0 03     BEQ $CBAB                       A:55 X:AA Y:33 P:44 SP:FB
CBA8  4C AF CB  JMP $CBAF                       A:55 X:AA Y:33 P:44 SP:FB
CBAF  A0 71     LDY #$71                        A:55 X:AA Y:33 P:44 SP:FB
CBB1  20 31 F9  JSR $F931                       A:55 X:AA Y:71 P:44 SP:FB
F931  24 01     BIT $01 = FF                    A:55 X:AA Y:71 P:44 SP:F9
F933  A9 40     LDA #$40                        A:55 X:AA Y:71 P:C4 SP:F9
F935  38        SEC                             A:40 X:AA Y:71 P:44 SP:F9
F936  60        RTS                             A:40 X:AA Y:71 P:45 SP:F9
CBB4  E9 40     SBC #$40                        A:40 X:AA Y:71 P:45 SP:FB
CBB6  20 37 F9  JSR $F937                       A:00 X:AA Y:71 P:07 SP:FB
F937  30 0B     BMI $F944                       A:00 X:AA Y:71 P:07 SP:F9
F944  84 00     STY $00 = 3C                    A:00 X:AA Y:71 P:07 SP:F9
F946  60        RTS                             A:00 X:AA Y:71 P:07 SP:F9
CBB9  C8        INY                             A:00 X:AA Y:71 P:07 SP:FB
CBBA  20 47 F9  JSR $F947                       A:00 X:AA Y:72 P:05 SP:FB
F947  B8        CLV                             A:00 X:AA Y:72 P:05 SP:F9
F948  38        SEC                             A:00 X:AA Y:72 P:05 SP:F9
F949  A9 40     LDA #$40                        A:00 X:AA Y:72 P:05 SP:F9
F94B  60        RTS                             A:40 X:AA Y:72 P:05 SP:F9
CBBD  E9 3F     SBC #$3F                        A:40 X:AA Y:72 P:05 SP:FB
CBBF  20 4C F9  JSR $F94C                       A:01 X:AA Y:72 P:05 SP:FB
F94C  F0 0B     BEQ $F959                       A:01 X:AA Y:72 P:05 SP:F9
F94E  30 09     BMI $F959                       A:01 X:AA Y:72 P:05 SP:F9
F959  84 00     STY $00 = 71                    A:01 X:AA Y:72 P:05 SP:F9
F95B  60        RTS                             A:01 X:AA Y:72 P:05 SP:F9
CBC2  C8        INY                             A:01 X:AA Y:72 P:05 SP:FB
CBC3  20 5C F9  JSR $F95C                       A:01 X:AA Y:73 P:05 SP:FB
F95C  A9 40     LDA #$40                        A:01 X:AA Y:73 P:05 SP:F9
F95E  38        SEC                             A:40 X:AA Y:73 P:05 SP:F9
F95F  24 01     BIT $01 = FF                    A:40 X:AA Y:73 P:05 SP:F9
F961  60        RTS                             A:40 X:AA Y:73 P:C5 SP:F9
CBC6  E9 41     SBC #$41                        A:40 X:AA Y:73 P:C5 SP:FB
CBC8  20 62 F9  JSR $F962                       A:FF X:AA Y:73 P:84 SP:FB
F962  B0 0B     BCS $F96F                       A:FF X:AA Y:73 P:84 SP:F9
F964  F0 09     BEQ $F96F                       A:FF X:AA Y:73 P:84 SP:F9
F966  10 07     BPL $F96F                       A:FF X:AA Y:73 P:84 SP:F9
F968  70 05     BVS $F96F                       A:FF X:AA Y:73 P:84 SP:F9
F96A  C9 FF     CMP #$FF                        A:FF X:AA Y:73 P:84 SP:F9
F96C  D0 01     BNE $F96F                       A:FF X:AA Y:73 P:07 SP:F9
F96E  60        RTS                             A:FF X:AA Y:73 P:07 SP:F9
CBCB  C8        INY                             A:FF X:AA Y:73 P:07 SP:FB
CBCC  20 72 F9  JSR $F972                       A:FF X:AA Y:74 P:05 SP:FB
F972  18        CLC                             A:FF X:AA Y:74 P:05 SP:F9
F973  A9 80     LDA #$80                        A:FF X:AA Y:74 P:04 SP:F9
F975  60        RTS                             A:80 X:AA Y:74 P:84 SP:F9
CBCF  E9 00     SBC #$00                        A:80 X:AA Y:74 P:84 SP:FB
CBD1  20 76 F9  JSR $F976                       A:7F X:AA Y:74 P:45 SP:FB
F976  90 05     BCC $F97D                       A:7F X:AA Y:74 P:45 SP:F9
F978  C9 7F     CMP #$7F                        A:7F X:AA Y:74 P:45 SP:F9
F97A  D0 01     BNE $F97D                       A:7F X:AA Y:74 P:47 SP:F9
F97C  60        RTS                             A:7F X:AA Y:74 P:47 SP:F9
CBD4  C8        INY                             A:7F X:AA Y:74 P:47 SP:FB
CBD5  20 80 F9  JSR $F980                       A:7F X:AA Y:75 P:45 SP:FB
F980  38        SEC                             A:7F X:AA Y:75 P:45 SP:F9
F981  A9 81     LDA #$81                        A:7F X:AA Y:75 P:45 SP:F9
F983  60        RTS                             A:81 X:AA Y:75 P:C5 SP:F9
CBD8  E9 7F     SBC #$7F                        A:81 X:AA Y:75 P:C5 SP:FB
CBDA  20 84 F9  JSR $F984                       A:02 X:AA Y:75 P:45 SP:FB
F984  50 07     BVC $F98D                       A:02 X:AA Y:75 P:45 SP:F9
F986  90 05     BCC $F98D                       A:02 X:AA Y:75 P:45 SP:F9
F988  C9 02     CMP #$02                        A:02 X:AA Y:75 P:45 SP:F9
F98A  D0 01     BNE $F98D                       A:02 X:AA Y:75 P:47 SP:F9
F98C  60        RTS                             A:02 X:AA Y:75 P:47 SP:F9
CBDD  60        RTS                             A:02 X:AA Y:75 P:47 SP:FB
C606  20 DE CB  JSR $CBDE                       A:02 X:AA Y:75 P:47 SP:FD
CBDE  EA        NOP                             A:02 X:AA Y:75 P:47 SP:FB
CBDF  A9 FF     LDA #$FF                        A:02 X:AA Y:75 P:47 SP:FB
CBE1  85 01     STA $01 = FF                    A:FF X:AA Y:75 P:C5 SP:FB
CBE3  A9 44     LDA #$44                        A:FF X:AA Y:75 P:C5 SP:FB
CBE5  A2 55     LDX #$55                        A:44 X:AA Y:75 P:45 SP:FB
CBE7  A0 66     LDY #$66                        A:44 X:55 Y:75 P:45 SP:FB
CBE9  E8        INX                             A:44 X:55 Y:66 P:45 SP:FB
CBEA  88        DEY                             A:44 X:56 Y:66 P:45 SP:FB
CBEB  E0 56     CPX #$56                        A:44 X:56 Y:65 P:45 SP:FB
CBED  D0 21     BNE $CC10                       A:44 X:56 Y:65 P:47 SP:FB
CBEF  C0 65     CPX #$65                        A:44 X:56 Y:65 P:47 SP:FB
CBF1  D0 1D     BNE $CC10                       A:44 X:56 Y:65 P:C7 SP:FB
CBF3  E8        INX                             A:44 X:56 Y:65 P:C7 SP:FB
CBF4  E8        INX                             A:44 X:57 Y:65 P:45 SP:FB
CBF5  88        DEY                             A:44 X:58 Y:65 P:45 SP:FB
CBF6  88        DEY                             A:44 X:58 Y:64 P:45 SP:FB
CBF7  E0 58     CPX #$58                        A:44 X:58 Y:63 P:45 SP:FB
CBF9  D0 15     BNE $CC10                       A:44 X:58 Y:63 P:47 SP:FB
CBFB  C0 63     CPX #$63                        A:44 X:58 Y:63 P:47 SP:FB
CBFD  D0 11     BNE $CC10                       A:44 X:58 Y:63 P:C7 SP:FB
CBFF  CA        DEX                             A:44 X:58 Y:63 P:C7 SP:FB
CC00  C8        INY                             A:44 X:57 Y:63 P:45 SP:FB
CC01  E0 57     CPX #$57                        A:44 X:57 Y:64 P:45 SP:FB
CC03  D0 0B     BNE $CC10                       A:44 X:57 Y:64 P:47 SP:FB
CC05  C0 64     CPX #$64                        A:44 X:57 Y:64 P:47 SP:FB
CC07  D0 07     BNE $CC10                       A:44 X:57 Y:64 P:C7 SP:FB
CC09  C9 44     CMP #$44                        A:44 X:57 Y:64 P:C7 SP:FB
CC0B  D0 03     BNE $CC10                       A:44 X:57 Y:64 P:47 SP:FB
CC0D  4C 14 CC  JMP $CC14                       A:44 X:57 Y:64 P:47 SP:FB
CC14  EA        NOP                             A:44 X:57 Y:64 P:47 SP:FB
CC15  38        SEC                             A:44 X:57 Y:64 P:47 SP:FB
CC16  A2 69     LDX #$69                        A:44 X:57 Y:64 P:47 SP:FB
CC18  A9 96     LDA #$96                        A:44 X:69 Y:64 P:45 SP:FB
CC1A  24 01     BIT $01 = FF                    A:96 X:69 Y:64 P:C5 SP:FB
CC1C  A0 FF     LDY #$FF                        A:96 X:69 Y:64 P:C5 SP:FB
CC1E  C8        INY                             A:96 X:69 Y:FF P:C5 SP:FB
CC1F  D0 3D     BNE $CC5E                       A:96 X:69 Y:00 P:47 SP:FB
CC21  30 3B     BMI $CC5E                       A:96 X:69 Y:00 P:47 SP:FB
CC5E  A2 3F     LDX #$3F                        A:96 X:69 Y:00 P:47 SP:FB
CC60  86 00     STX $00 = 72                    A:96 X:3F Y:00 P:45 SP:FB
CC62  EA        NOP                             A:96 X:3F Y:00 P:45 SP:FB
CC63  38        SEC                             A:96 X:3F Y:00 P:45 SP:FB
CC64  A0 69     LDY #$69                        A:96 X:3F Y:00 P:45 SP:FB
CC66  A9 96     LDA #$96                        A:96 X:3F Y:69 P:45 SP:FB
CC68  24 01     BIT $01 = FF                    A:96 X:3F Y:69 P:C5 SP:FB
CC6A  A2 FF     LDX #$FF                        A:96 X:3F Y:69 P:C5 SP:FB
CC6C  E8        INX                             A:96 X:FF Y:69 P:C5 SP:FB
CC6D  D0 3D     BNE $CCAC                       A:96 X:00 Y:69 P:47 SP:FB
CC6F  30 3B     BMI $CCAC                       A:96 X:00 Y:69 P:47 SP:FB
CCAC  A2 40     LDX #$40                        A:96 X:00 Y:69 P:47 SP:FB
CCAE  86 00     STX $00 = 3F                    A:96 X:40 Y:69 P:45 SP:FB
CCB0  EA        NOP                             A:96 X:40 Y:69 P:45 SP:FB
CCB1  A9 85     LDA #$85                        A:96 X:40 Y:69 P:45 SP:FB
CCB3  A2 34     LDX #$34                        A:85 X:40 Y:69 P:C5 SP:FB
CCB5  A0 99     LDY #$99                        A:85 X:34 Y:69 P:45 SP:FB
CCB7  18        CLC                             A:85 X:34 Y:99 P:C5 SP:FB
CCB8  24 01     BIT $01 = FF                    A:85 X:34 Y:99 P:C4 SP:FB
CCBA  A8        TAY                             A:85 X:34 Y:99 P:C4 SP:FB
CCBB  F0 2E     BEQ $CCEB                       A:85 X:34 Y:85 P:C4 SP:FB
CCBD  B0 2C     BCS $CCEB                       A:85 X:34 Y:85 P:C4 SP:FB
CCBF  50 2A     BVC $CCEB                       A:85 X:34 Y:85 P:C4 SP:FB
CCC1  10 28     BPL $CCEB                       A:85 X:34 Y:85 P:C4 SP:FB
CCC3  C9 85     CMP #$85                        A:85 X:34 Y:85 P:C4 SP:FB
CCC5  D0 24     BNE $CCEB                       A:85 X:34 Y:85 P:47 SP:FB
CCC7  E0 34     CPX #$34                        A:85 X:34 Y:85 P:47 SP:FB
CCC9  D0 20     BNE $CCEB                       A:85 X:34 Y:85 P:47 SP:FB
CCCB  C0 85     CPX #$85                        A:85 X:34 Y:85 P:47 SP:FB
CCCD  D0 1C     BNE $CCEB                       A:85 X:34 Y:85 P:C7 SP:FB
CCCF  A9 00     LDA #$00                        A:85 X:34 Y:85 P:C7 SP:FB
CCD1  38        SEC                             A:00 X:34 Y:85 P:47 SP:FB
CCD2  B8        CLV                             A:00 X:34 Y:85 P:47 SP:FB
CCD3  A8        TAY                             A:00 X:34 Y:85 P:07 SP:FB
CCD4  D0 15     BNE $CCEB                       A:00 X:34 Y:00 P:07 SP:FB
CCD6  90 13     BCC $CCEB                       A:00 X:34 Y:00 P:07 SP:FB
CCD8  70 11     BVS $CCEB                       A:00 X:34 Y:00 P:07 SP:FB
CCDA  30 0F     BMI $CCEB                       A:00 X:34 Y:00 P:07 SP:FB
CCEB  A2 41     LDX #$41                        A:00 X:34 Y:00 P:07 SP:FB
CCED  86 00     STX $00 = 40                    A:00 X:41 Y:00 P:05 SP:FB
CCEF  EA        NOP                             A:00 X:41 Y:00 P:05 SP:FB
CCF0  A9 85     LDA #$85                        A:00 X:41 Y:00 P:05 SP:FB
CCF2  A2 34     LDX #$34                        A:85 X:41 Y:00 P:85 SP:FB
CCF4  A0 99     LDY #$99                        A:85 X:34 Y:00 P:05 SP:FB
CCF6  18        CLC                             A:85 X:34 Y:99 P:85 SP:FB
CCF7  24 01     BIT $01 = FF                    A:85 X:34 Y:99 P:84 SP:FB
CCF9  AA        TAX                             A:85 X:34 Y:99 P:C4 SP:FB
CCFA  F0 2E     BEQ $CD2A                       A:85 X:85 Y:99 P:C4 SP:FB
CCFC  B0 2C     BCS $CD2A                       A:85 X:85 Y:99 P:C4 SP:FB
CCFE  50 2A     BVC $CD2A                       A:85 X:85 Y:99 P:C4 SP:FB
CD00  10 28     BPL $CD2A                       A:85 X:85 Y:99 P:C4 SP:FB
CD02  C9 85     CMP #$85                        A:85 X:85 Y:99 P:C4 SP:FB
CD04  D0 24     BNE $CD2A                       A:85 X:85 Y:99 P:47 SP:FB
CD06  E0 85     CPX #$85                        A:85 X:85 Y:99 P:47 SP:FB
CD08  D0 20     BNE $CD2A                       A:85 X:85 Y:99 P:47 SP:FB
CD0A  C0 99     CPX #$99                        A:85 X:85 Y:99 P:47 SP:FB
CD0C  D0 1C     BNE $CD2A                       A:85 X:85 Y:99 P:C7 SP:FB
CD0E  A9 00     LDA #$00                        A:85 X:85 Y:99 P:C7 SP:FB
CD10  38        SEC                             A:00 X:85 Y:99 P:47 SP:FB
CD11  B8        CLV                             A:00 X:85 Y:99 P:47 SP:FB
CD12  AA        TAX                             A:00 X:85 Y:99 P:07 SP:FB
CD13  D0 15     BNE $CD2A                       A:00 X:00 Y:99 P:07 SP:FB
CD15  90 13     BCC $CD2A                       A:00 X:00 Y:99 P:07 SP:FB
CD17  70 11     BVS $CD2A                       A:00 X:00 Y:99 P:07 SP:FB
CD19  30 0F     BMI $CD2A                       A:00 X:00 Y:99 P:07 SP:FB
CD2A  A2 42     LDX #$42                        A:00 X:00 Y:99 P:07 SP:FB
CD2C  86 00     STX $00 = 41                    A:00 X:42 Y:99 P:05 SP:FB
CD2E  EA        NOP                             A:00 X:42 Y:99 P:05 SP:FB
CD2F  A9 85     LDA #$85                        A:00 X:42 Y:99 P:05 SP:FB
CD31  A2 34     LDX #$34                        A:85 X:42 Y:99 P:85 SP:FB
CD33  A0 99     LDY #$99                        A:85 X:34 Y:99 P:05 SP:FB
CD35  18        CLC                             A:85 X:34 Y:99 P:85 SP:FB
CD36  24 01     BIT $01 = FF                    A:85 X:34 Y:99 P:84 SP:FB
CD38  98        TYA                             A:85 X:34 Y:99 P:C4 SP:FB
CD39  F0 2E     BEQ $CD69                       A:99 X:34 Y:99 P:C4 SP:FB
CD3B  B0 2C     BCS $CD69                       A:99 X:34 Y:99 P:C4 SP:FB
CD3D  50 2A     BVC $CD69                       A:99 X:34 Y:99 P:C4 SP:FB
CD3F  10 28     BPL $CD69                       A:99 X:34 Y:99 P:C4 SP:FB
CD41  C9 99     CMP #$99                        A:99 X:34 Y:99 P:C4 SP:FB
CD43  D0 24     BNE $CD69                       A:99 X:34 Y:99 P:47 SP:FB
CD45  E0 34     CPX #$34                        A:99 X:34 Y:99 P:47 SP:FB
CD47  D0 20     BNE $CD69                       A:99 X:34 Y:99 P:47 SP:FB
CD49  C0 99     CPX #$99                        A:99 X:34 Y:99 P:47 SP:FB
CD4B  D0 1C     BNE $CD69                       A:99 X:34 Y:99 P:C7 SP:FB
CD4D  A0 00     LDY #$00                        A:99 X:34 Y:99 P:C7 SP:FB
CD4F  38        SEC                             A:99 X:34 Y:00 P:47 SP:FB
CD50  B8        CLV                             A:99 X:34 Y:00 P:47 SP:FB
CD51  98        TYA                             A:99 X:34 Y:00 P:07 SP:FB
CD52  D0 15     BNE $CD69                       A:00 X:34 Y:00 P:07 SP:FB
CD54  90 13     BCC $CD69                       A:00 X:34 Y:00 P:07 SP:FB
CD56  70 11     BVS $CD69                       A:00 X:34 Y:00 P:07 SP:FB
CD58  30 0F     BMI $CD69                       A:00 X:34 Y:00 P:07 SP:FB
CD69  A2 43     LDX #$43                        A:00 X:34 Y:00 P:07 SP:FB
CD6B  86 00     STX $00 = 42                    A:00 X:43 Y:00 P:05 SP:FB
CD6D  EA        NOP                             A:00 X:43 Y:00 P:05 SP:FB
CD6E  A9 85     LDA #$85                        A:00 X:43 Y:00 P:05 SP:FB
CD70  A2 34     LDX #$34                        A:85 X:43 Y:00 P:85 SP:FB
CD72  A0 99     LDY #$99                        A:85 X:34 Y:00 P:05 SP:FB
CD74  18        CLC                             A:85 X:34 Y:99 P:85 SP:FB
CD75  24 01     BIT $01 = FF                    A:85 X:34 Y:99 P:84 SP:FB
CD77  8A        TXA                             A:85 X:34 Y:99 P:C4 SP:FB
CD78  F0 2E     BEQ $CDA8                       A:34 X:34 Y:99 P:44 SP:FB
CD7A  B0 2C     BCS $CDA8                       A:34 X:34 Y:99 P:44 SP:FB
CD7C  50 2A     BVC $CDA8                       A:34 X:34 Y:99 P:44 SP:FB
CD7E  30 28     BMI $CDA8                       A:34 X:34 Y:99 P:44 SP:FB
CDA8  A2 44     LDX #$44                        A:34 X:34 Y:99 P:44 SP:FB
CDAA  86 00     STX $00 = 43                    A:34 X:44 Y:99 P:44 SP:FB
CDAC  EA        NOP                             A:34 X:44 Y:99 P:44 SP:FB
CDAD  BA        TSX                             A:34 X:44 Y:99 P:44 SP:FB
CDAE  8E FF 07  STX $07FF                       A:C6 X:44 Y:99 P:C4 SP:FB
CDB1  A0 33     LDY #$33                        A:C6 X:44 Y:99 P:C4 SP:FB
CDB3  A2 69     LDX #$69                        A:C6 X:44 Y:33 P:44 SP:FB
CDB5  A9 84     LDA #$84                        A:C6 X:69 Y:33 P:44 SP:FB
CDB7  18        CLC                             A:84 X:69 Y:33 P:C4 SP:FB
CDB8  24 01     BIT $01 = FF                    A:84 X:69 Y:33 P:C4 SP:FB
CDBA  9A        TXS                             A:84 X:69 Y:33 P:C4 SP:FB
CDBB  F0 32     BEQ $CDEF                       A:84 X:69 Y:33 P:C4 SP:FB
CDBD  10 30     BPL $CDEF                       A:84 X:69 Y:33 P:C4 SP:FB
CDBF  B0 2E     BCS $CDEF                       A:84 X:69 Y:33 P:C4 SP:FB
CDC1  50 2C     BVC $CDEF                       A:84 X:69 Y:33 P:C4 SP:FB
CDC3  C9 84     CMP #$84                        A:84 X:69 Y:33 P:C4 SP:FB
CDC5  D0 28     BNE $CDEF                       A:84 X:69 Y:33 P:47 SP:FB
CDC7  E0 69     CPX #$69                        A:84 X:69 Y:33 P:47 SP:FB
CDC9  D0 24     BNE $CDEF                       A:84 X:69 Y:33 P:47 SP:FB
CDCB  C0 33     CPX #$33                        A:84 X:69 Y:33 P:47 SP:FB
CDCD  D0 20     BNE $CDEF                       A:84 X:69 Y:33 P:47 SP:FB
CDCF  A0 01     LDY #$01                        A:84 X:69 Y:33 P:47 SP:FB
CDD1  A9 04     LDA #$04                        A:84 X:69 Y:01 P:45 SP:FB
CDD3  38        SEC                             A:04 X:69 Y:01 P:45 SP:FB
CDD4  B8        CLV                             A:04 X:69 Y:01 P:45 SP:FB
CDD5  A2 00     LDX #$00                        A:04 X:69 Y:01 P:05 SP:FB
CDD7  BA        TSX                             A:04 X:00 Y:01 P:07 SP:FB
CDD8  F0 15     BEQ $CDEF                       A:69 X:00 Y:01 P:05 SP:FB
CDDA  30 13     BMI $CDEF                       A:69 X:00 Y:01 P:05 SP:FB
CDEF  A2 45     LDX #$45                        A:69 X:00 Y:01 P:05 SP:FB
CDF1  86 00     STX $00 = 44                    A:69 X:45 Y:01 P:05 SP:FB
CDF3  AE FF 07  LDX $07FF                       A:69 X:45 Y:01 P:05 SP:FB
CDF6  9A        TXS                             A:69 X:44 Y:01 P:05 SP:FB
CDF7  60        RTS                             A:69 X:44 Y:01 P:05 SP:FB
4409  09 0A     ORA #$0A                        A:69 X:44 Y:01 P:05 SP:FD
440B  0B 0C 0D  
b instructions does not exist
440C            
c instructions does not exist
440D  0D 0E 0F  ORA $0F0E                       A:6B X:44 Y:01 P:05 SP:FD
4410  10 11     BPL $4423                       A:6B X:44 Y:01 P:05 SP:FD
4423            
23 instructions does not exist
4424  24 25     BIT $25 = 00                    A:6B X:44 Y:01 P:05 SP:FD
4426  26 27     ROL $27 = 00                    A:6B X:44 Y:01 P:07 SP:FD
4428  28        PLP                             A:6B X:44 Y:01 P:04 SP:FD
4429  29 2A     AND #$2A                        A:6B X:44 Y:01 P:00 SP:FE
442B            
2b instructions does not exist
442C  2C 2D 2E  BIT $2E2D                       A:2A X:44 Y:01 P:00 SP:FE
PPU not supported yetPPU not supported yetPPU not supported yet442F            
2f instructions does not exist
4430  30 31     BMI $4463                       A:2A X:44 Y:01 P:02 SP:FE
4463  63 64 65  
63 instructions does not exist
4464  64 65 66  fN                             A:2A X:44 Y:01 P:02 SP:FE
64 instructions does not exist
4465  65 66     ADC $66 = 00                    A:2A X:44 Y:01 P:02 SP:FE
4467  67 68 69  
67 instructions does not exist
4468  68        PLA                             A:2A X:44 Y:01 P:00 SP:FE
4469  69 6A     ADC #$6A                        A:00 X:44 Y:01 P:02 SP:FF
446B  6B 6C 6D  
6b instructions does not exist
446C  6C 6D 6E  JMP                             A:6A X:44 Y:01 P:00 SP:FF
6E6D  6D 6E 6F  ADC $6F6E                       A:6A X:44 Y:01 P:00 SP:FF
6E70  70 71     BVS $6EE3                       A:D8 X:44 Y:01 P:C0 SP:FF
6EE3  E3 E4 E5  Y A:D8 X:44 Y:01 P:C0 SP:FF
e3 instructions does not exist
6EE4  E4 E5     CPX $E5 = 00                    A:D8 X:44 Y:01 P:C0 SP:FF
6EE6  E6 E7     INC $E7 = 00                    A:D8 X:44 Y:01 P:41 SP:FF
6EE8  E8        INX                             A:D8 X:44 Y:01 P:41 SP:FF
6EE9  E9 EA     SBC #$EA                        A:D8 X:45 Y:01 P:41 SP:FF
6EEB  EB EC ED  kN A:EE X:45 Y:01 P:80 SP:FF
eb instructions does not exist
6EEC  EC ED EE  CPX $EEED                       A:EE X:45 Y:01 P:80 SP:FF
6EEF  EF F0 F1  3Z A:EE X:45 Y:01 P:80 SP:FF
ef instructions does not exist
6EF0  F0 F1     BEQ $6EE3                       A:EE X:45 Y:01 P:80 SP:FF
6EF2  F2 F3 F4  
f2 instructions does not exist
6EF3            
f3 instructions does not exist
6EF4  F4 F5 F6  3Z A:EE X:45 Y:01 P:80 SP:FF
f4 instructions does not exist
6EF5  F5 F6     SBC $13B, = 00                  A:EE X:45 Y:01 P:80 SP:FF
6EF7            
f7 instructions does not exist
6EF8  F8        SED                             A:ED X:45 Y:01 P:81 SP:FF
6EF9  F9 FA FB  SBC $FBFB                       A:ED X:45 Y:01 P:89 SP:FF
6EFC            
fc instructions does not exist
6EFD  FD FE FF  SBC $1004                       A:E7 X:45 Y:01 P:89 SP:FF
6F00  00        BRK                             A:E7 X:45 Y:01 P:89 SP:FF
